<?xml version="1.0" encoding="UTF-8"?>
<!-- Generated by org.testng.reporters.JUnitReportReporter -->
<testsuite skipped="0" hostname="user" name="testing.testtest" tests="1" failures="0" timestamp="08 Feb 2019 04:18:15 GMT" time="2.936" errors="0">
  <testcase name="test" time="2.936" classname="testing.testtest"/>
</testsuite> <!-- testing.testtest -->
