<?xml version="1.0" encoding="UTF-8"?>
<!-- Generated by org.testng.reporters.JUnitReportReporter -->
<testsuite hostname="user" failures="0" tests="1" name="testing.testtest" time="2.115" errors="0" timestamp="08 Feb 2019 04:31:52 GMT" skipped="0">
  <testcase classname="testing.testtest" name="test" time="2.115"/>
</testsuite> <!-- testing.testtest -->
